  testing2.cpp
C:\Homework\ComputerSoftwear\3week-actioncommand\testing2.cpp(15,13): error C3861: 'putchar': 식별자를 찾을 수 없습니다.
C:\Homework\ComputerSoftwear\3week-actioncommand\testing2.cpp(18,9): error C3861: 'putchar': 식별자를 찾을 수 없습니다.
